meta_batida/android/app/build/intermediates/manifest_merge_blame_file/debug/manifest-merger-blame-debug-report.txt
1<?xml version="1.0" encoding="utf-8"?>
2<manifest xmlns:android="http://schemas.android.com/apk/res/android"
3    package="com.example.meta_batida"
4    android:versionCode="1"
5    android:versionName="1.0" >
6
7    <uses-sdk
8        android:minSdkVersion="21"
9        android:targetSdkVersion="34" />
10    <!--
11         The INTERNET permission is required for development. Specifically,
12         the Flutter tool needs it to communicate with the running application
13         to allow setting breakpoints, to provide hot reload, etc.
14    -->
15    <uses-permission android:name="android.permission.INTERNET" />
15-->src\debug\AndroidManifest.xml:6:5-66
15-->src\debug\AndroidManifest.xml:6:22-64
16    <!--
17     Required to query activities that can process text, see:
18         https://developer.android.com/training/package-visibility and
19         https://developer.android.com/reference/android/content/Intent#ACTION_PROCESS_TEXT.
20
21         In particular, this is used by the Flutter engine in io.flutter.plugin.text.ProcessTextPlugin.
22    -->
23    <queries>
23-->src\main\AndroidManifest.xml:39:5-44:15
24        <intent>
24-->src\main\AndroidManifest.xml:40:9-43:18
25            <action android:name="android.intent.action.PROCESS_TEXT" />
25-->src\main\AndroidManifest.xml:41:13-72
25-->src\main\AndroidManifest.xml:41:21-70
26
27            <data android:mimeType="text/plain" />
27-->src\main\AndroidManifest.xml:42:13-50
27-->src\main\AndroidManifest.xml:42:19-48
28        </intent>
29    </queries>
30
31    <permission
31-->[androidx.core:core:1.13.1] AndroidManifest.xml:22:5-24:47
32        android:name="com.example.meta_batida.DYNAMIC_RECEIVER_NOT_EXPORTED_PERMISSION"
32-->[androidx.core:core:1.13.1] AndroidManifest.xml:23:9-81
33        android:protectionLevel="signature" />
33-->[androidx.core:core:1.13.1] AndroidManifest.xml:24:9-44
34
35    <uses-permission android:name="com.example.meta_batida.DYNAMIC_RECEIVER_NOT_EXPORTED_PERMISSION" />
35-->[androidx.core:core:1.13.1] AndroidManifest.xml:26:5-97
35-->[androidx.core:core:1.13.1] AndroidManifest.xml:26:22-94
36
37    <application
38        android:name="android.app.Application"
39        android:appComponentFactory="androidx.core.app.CoreComponentFactory"
39-->[androidx.core:core:1.13.1] AndroidManifest.xml:28:18-86
40        android:debuggable="true"
41        android:icon="@mipmap/ic_launcher"
42        android:label="meta_batida" >
43        <activity
44            android:name="com.example.meta_batida.MainActivity"
45            android:configChanges="orientation|keyboardHidden|keyboard|screenSize|smallestScreenSize|locale|layoutDirection|fontScale|screenLayout|density|uiMode"
46            android:exported="true"
47            android:hardwareAccelerated="true"
48            android:launchMode="singleTop"
49            android:taskAffinity=""
50            android:theme="@style/LaunchTheme"
51            android:windowSoftInputMode="adjustResize" >
52
53            <!--
54                 Specifies an Android theme to apply to this Activity as soon as
55                 the Android process has started. This theme is visible to the user
56                 while the Flutter UI initializes. After that, this theme continues
57                 to determine the Window background behind the Flutter UI.
58            -->
59            <meta-data
60                android:name="io.flutter.embedding.android.NormalTheme"
61                android:resource="@style/NormalTheme" />
62
63            <intent-filter>
64                <action android:name="android.intent.action.MAIN" />
65
66                <category android:name="android.intent.category.LAUNCHER" />
67            </intent-filter>
68        </activity>
69        <!--
70             Don't delete the meta-data below.
71             This is used by the Flutter tool to generate GeneratedPluginRegistrant.java
72        -->
73        <meta-data
74            android:name="flutterEmbedding"
75            android:value="2" />
76
77        <provider
77-->[:image_picker_android] AndroidManifest.xml:11:9-19:20
78            android:name="io.flutter.plugins.imagepicker.ImagePickerFileProvider"
78-->[:image_picker_android] AndroidManifest.xml:12:13-82
79            android:authorities="com.example.meta_batida.flutter.image_provider"
79-->[:image_picker_android] AndroidManifest.xml:13:13-74
80            android:exported="false"
80-->[:image_picker_android] AndroidManifest.xml:14:13-37
81            android:grantUriPermissions="true" >
81-->[:image_picker_android] AndroidManifest.xml:15:13-47
82            <meta-data
82-->[:image_picker_android] AndroidManifest.xml:16:13-18:75
83                android:name="android.support.FILE_PROVIDER_PATHS"
83-->[:image_picker_android] AndroidManifest.xml:17:17-67
84                android:resource="@xml/flutter_image_picker_file_paths" />
84-->[:image_picker_android] AndroidManifest.xml:18:17-72
85        </provider> <!-- Trigger Google Play services to install the backported photo picker module. -->
86        <service
86-->[:image_picker_android] AndroidManifest.xml:21:9-33:19
87            android:name="com.google.android.gms.metadata.ModuleDependencies"
87-->[:image_picker_android] AndroidManifest.xml:22:13-78
88            android:enabled="false"
88-->[:image_picker_android] AndroidManifest.xml:23:13-36
89            android:exported="false" >
89-->[:image_picker_android] AndroidManifest.xml:24:13-37
90            <intent-filter>
90-->[:image_picker_android] AndroidManifest.xml:26:13-28:29
91                <action android:name="com.google.android.gms.metadata.MODULE_DEPENDENCIES" />
91-->[:image_picker_android] AndroidManifest.xml:27:17-94
91-->[:image_picker_android] AndroidManifest.xml:27:25-91
92            </intent-filter>
93
94            <meta-data
94-->[:image_picker_android] AndroidManifest.xml:30:13-32:36
95                android:name="photopicker_activity:0:required"
95-->[:image_picker_android] AndroidManifest.xml:31:17-63
96                android:value="" />
96-->[:image_picker_android] AndroidManifest.xml:32:17-33
97        </service>
98        <!--
99           Declares a provider which allows us to store files to share in
100           '.../caches/share_plus' and grant the receiving action access
101        -->
102        <provider
102-->[:share_plus] AndroidManifest.xml:15:9-23:20
103            android:name="dev.fluttercommunity.plus.share.ShareFileProvider"
103-->[:share_plus] AndroidManifest.xml:16:13-77
104            android:authorities="com.example.meta_batida.flutter.share_provider"
104-->[:share_plus] AndroidManifest.xml:17:13-74
105            android:exported="false"
105-->[:share_plus] AndroidManifest.xml:18:13-37
106            android:grantUriPermissions="true" >
106-->[:share_plus] AndroidManifest.xml:19:13-47
107            <meta-data
107-->[:image_picker_android] AndroidManifest.xml:16:13-18:75
108                android:name="android.support.FILE_PROVIDER_PATHS"
108-->[:image_picker_android] AndroidManifest.xml:17:17-67
109                android:resource="@xml/flutter_share_file_paths" />
109-->[:image_picker_android] AndroidManifest.xml:18:17-72
110        </provider>
111        <!--
112           This manifest declared broadcast receiver allows us to use an explicit
113           Intent when creating a PendingItent to be informed of the user's choice
114        -->
115        <receiver
115-->[:share_plus] AndroidManifest.xml:28:9-34:20
116            android:name="dev.fluttercommunity.plus.share.SharePlusPendingIntent"
116-->[:share_plus] AndroidManifest.xml:29:13-82
117            android:exported="false" >
117-->[:share_plus] AndroidManifest.xml:30:13-37
118            <intent-filter>
118-->[:share_plus] AndroidManifest.xml:31:13-33:29
119                <action android:name="EXTRA_CHOSEN_COMPONENT" />
119-->[:share_plus] AndroidManifest.xml:32:17-65
119-->[:share_plus] AndroidManifest.xml:32:25-62
120            </intent-filter>
121        </receiver>
122
123        <provider
123-->[androidx.lifecycle:lifecycle-process:2.7.0] AndroidManifest.xml:24:9-32:20
124            android:name="androidx.startup.InitializationProvider"
124-->[androidx.lifecycle:lifecycle-process:2.7.0] AndroidManifest.xml:25:13-67
125            android:authorities="com.example.meta_batida.androidx-startup"
125-->[androidx.lifecycle:lifecycle-process:2.7.0] AndroidManifest.xml:26:13-68
126            android:exported="false" >
126-->[androidx.lifecycle:lifecycle-process:2.7.0] AndroidManifest.xml:27:13-37
127            <meta-data
127-->[androidx.lifecycle:lifecycle-process:2.7.0] AndroidManifest.xml:29:13-31:52
128                android:name="androidx.lifecycle.ProcessLifecycleInitializer"
128-->[androidx.lifecycle:lifecycle-process:2.7.0] AndroidManifest.xml:30:17-78
129                android:value="androidx.startup" />
129-->[androidx.lifecycle:lifecycle-process:2.7.0] AndroidManifest.xml:31:17-49
130            <meta-data
130-->[androidx.profileinstaller:profileinstaller:1.3.1] AndroidManifest.xml:29:13-31:52
131                android:name="androidx.profileinstaller.ProfileInstallerInitializer"
131-->[androidx.profileinstaller:profileinstaller:1.3.1] AndroidManifest.xml:30:17-85
132                android:value="androidx.startup" />
132-->[androidx.profileinstaller:profileinstaller:1.3.1] AndroidManifest.xml:31:17-49
133        </provider>
134
135        <uses-library
135-->[androidx.window:window:1.2.0] AndroidManifest.xml:23:9-25:40
136            android:name="androidx.window.extensions"
136-->[androidx.window:window:1.2.0] AndroidManifest.xml:24:13-54
137            android:required="false" />
137-->[androidx.window:window:1.2.0] AndroidManifest.xml:25:13-37
138        <uses-library
138-->[androidx.window:window:1.2.0] AndroidManifest.xml:26:9-28:40
139            android:name="androidx.window.sidecar"
139-->[androidx.window:window:1.2.0] AndroidManifest.xml:27:13-51
140            android:required="false" />
140-->[androidx.window:window:1.2.0] AndroidManifest.xml:28:13-37
141
142        <receiver
142-->[androidx.profileinstaller:profileinstaller:1.3.1] AndroidManifest.xml:34:9-52:20
143            android:name="androidx.profileinstaller.ProfileInstallReceiver"
143-->[androidx.profileinstaller:profileinstaller:1.3.1] AndroidManifest.xml:35:13-76
144            android:directBootAware="false"
144-->[androidx.profileinstaller:profileinstaller:1.3.1] AndroidManifest.xml:36:13-44
145            android:enabled="true"
145-->[androidx.profileinstaller:profileinstaller:1.3.1] AndroidManifest.xml:37:13-35
146            android:exported="true"
146-->[androidx.profileinstaller:profileinstaller:1.3.1] AndroidManifest.xml:38:13-36
147            android:permission="android.permission.DUMP" >
147-->[androidx.profileinstaller:profileinstaller:1.3.1] AndroidManifest.xml:39:13-57
148            <intent-filter>
148-->[androidx.profileinstaller:profileinstaller:1.3.1] AndroidManifest.xml:40:13-42:29
149                <action android:name="androidx.profileinstaller.action.INSTALL_PROFILE" />
149-->[androidx.profileinstaller:profileinstaller:1.3.1] AndroidManifest.xml:41:17-91
149-->[androidx.profileinstaller:profileinstaller:1.3.1] AndroidManifest.xml:41:25-88
150            </intent-filter>
151            <intent-filter>
151-->[androidx.profileinstaller:profileinstaller:1.3.1] AndroidManifest.xml:43:13-45:29
152                <action android:name="androidx.profileinstaller.action.SKIP_FILE" />
152-->[androidx.profileinstaller:profileinstaller:1.3.1] AndroidManifest.xml:44:17-85
152-->[androidx.profileinstaller:profileinstaller:1.3.1] AndroidManifest.xml:44:25-82
153            </intent-filter>
154            <intent-filter>
154-->[androidx.profileinstaller:profileinstaller:1.3.1] AndroidManifest.xml:46:13-48:29
155                <action android:name="androidx.profileinstaller.action.SAVE_PROFILE" />
155-->[androidx.profileinstaller:profileinstaller:1.3.1] AndroidManifest.xml:47:17-88
155-->[androidx.profileinstaller:profileinstaller:1.3.1] AndroidManifest.xml:47:25-85
156            </intent-filter>
157            <intent-filter>
157-->[androidx.profileinstaller:profileinstaller:1.3.1] AndroidManifest.xml:49:13-51:29
158                <action android:name="androidx.profileinstaller.action.BENCHMARK_OPERATION" />
158-->[androidx.profileinstaller:profileinstaller:1.3.1] AndroidManifest.xml:50:17-95
158-->[androidx.profileinstaller:profileinstaller:1.3.1] AndroidManifest.xml:50:25-92
159            </intent-filter>
160        </receiver>
161    </application>
162
163</manifest>